<?xml version="1.0" encoding="UTF-8"?>
<!-- Generated by org.testng.reporters.JUnitXMLReporter -->
<testsuite ignored="0" hostname="DESKTOP-LLMSC2K" failures="0" tests="6" name="Default test" time="121.541" errors="0" timestamp="2023-02-10T15:05:48 IST">
  <testcase classname="testCases.uTest_Method" name="uTest_google" time="24.054"/>
  <testcase classname="testCases.uTest_Method" name="uTest_Home" time="0.511"/>
  <testcase classname="testCases.uTest_Method" name="uTest_first" time="12.637"/>
  <testcase classname="testCases.uTest_Method" name="uTestSecond" time="20.655"/>
  <testcase classname="testCases.uTest_Method" name="uTestthird" time="23.052"/>
  <testcase classname="testCases.uTest_Method" name="uTestfourth" time="1.745"/>
</testsuite> <!-- Default test -->
