<?xml version="1.0" encoding="UTF-8"?>
<!-- Generated by org.testng.reporters.JUnitXMLReporter -->
<testsuite ignored="0" hostname="DESKTOP-LLMSC2K" failures="0" tests="6" name="Test" time="162.778" errors="0" timestamp="2023-02-10T15:13:19 IST">
  <testcase classname="testCases.uTest_Method" name="uTest_google" time="10.64"/>
  <testcase classname="testCases.uTest_Method" name="uTest_Home" time="8.931"/>
  <testcase classname="testCases.uTest_Method" name="uTest_first" time="36.424"/>
  <testcase classname="testCases.uTest_Method" name="uTestSecond" time="20.723"/>
  <testcase classname="testCases.uTest_Method" name="uTestthird" time="32.613"/>
  <testcase classname="testCases.uTest_Method" name="uTestfourth" time="2.598"/>
</testsuite> <!-- Test -->
